AiFront/app/build/intermediates/aapt_proguard_file/release/processReleaseResources/aapt_rules.txt
-keep class androidx.core.app.CoreComponentFactory { <init>(); }
-keep class androidx.profileinstaller.ProfileInstallReceiver { <init>(); }
-keep class androidx.room.MultiInstanceInvalidationService { <init>(); }
-keep class androidx.startup.InitializationProvider { <init>(); }
-keep class com.aifront.AiFrontApplication { <init>(); }
-keep class com.aifront.MainActivity { <init>(); }