AiFront/app/build/outputs/mapping/release/seeds.txt
com.aifront.data.local.AppDatabase
com.aifront.data.model.ImageGenerationRequest
com.aifront.viewmodel.SettingsViewModel
com.aifront.data.model.ConversationType
com.aifront.data.local.AppDatabase_Impl
com.aifront.data.model.MessageContent
com.aifront.data.model.ChatMessage
com.aifront.viewmodel.CodeGenViewModel
com.aifront.data.model.ApiKeyConfig
com.aifront.data.model.ImageGenerationResponse
com.aifront.data.model.ModelType
com.aifront.data.model.ApiType
com.aifront.viewmodel.ClusterViewModel
com.aifront.data.model.StreamResponse
com.aifront.AiFrontApplication
com.aifront.data.model.VendorConfig
com.aifront.viewmodel.ImageGenViewModel
com.aifront.data.model.Vendor
com.aifront.viewmodel.ChatViewModel
com.aifront.data.model.Conversation
com.aifront.data.model.AIModel
com.aifront.data.model.ChatRequest
com.aifront.MainActivity
com.aifront.data.model.ImageData
com.aifront.data.model.ApiKeyConfig: java.lang.String apiKey
com.aifront.data.model.MessageContent: int $stable
com.aifront.data.model.ChatRequest: java.util.List messages
com.aifront.data.model.VendorConfig: com.aifront.data.model.VendorConfig INSTANCE
com.aifront.data.model.AIModel: boolean isBestPerformance
com.aifront.data.model.ModelType: com.aifront.data.model.ModelType TEXT
com.aifront.data.model.ChatRequest: java.lang.String model
com.aifront.data.model.AIModel: int maxTokens
com.aifront.data.model.ImageData: int $stable
com.aifront.data.model.ChatMessage: int $stable
com.aifront.data.model.AIModel: int $stable
com.aifront.data.model.ChatRequest: float temperature
com.aifront.data.model.ImageGenerationRequest: java.lang.String size
com.aifront.data.model.Vendor: java.lang.String website
com.aifront.data.model.ImageGenerationRequest: java.lang.String prompt
com.aifront.data.model.Vendor: java.lang.String nameEn
com.aifront.data.model.ApiKeyConfig: int $stable
com.aifront.data.model.ImageGenerationRequest: java.lang.String quality
com.aifront.data.model.Conversation: int messageCount
com.aifront.data.model.AIModel: java.lang.String apiEndpoint
com.aifront.data.model.Conversation: java.lang.String clusterModelIds
com.aifront.data.model.ChatMessage: long timestamp
com.aifront.data.model.VendorConfig: java.util.List models
com.aifront.data.model.StreamResponse: java.lang.String content
com.aifront.data.model.ChatMessage: long responseTimeMs
com.aifront.data.model.Vendor: java.lang.String name
com.aifront.data.model.StreamResponse: boolean isFinished
com.aifront.data.model.ApiType: com.aifront.data.model.ApiType CUSTOM
com.aifront.data.model.Vendor: java.lang.String apiBaseUrl
com.aifront.data.model.ChatMessage: java.lang.String modelId
com.aifront.data.model.Vendor: java.lang.String description
com.aifront.data.model.Conversation: boolean isClusterMode
com.aifront.data.model.AIModel: boolean isLatest
com.aifront.data.model.AIModel: java.lang.String id
com.aifront.data.model.ApiType: com.aifront.data.model.ApiType OPENAI_COMPATIBLE
com.aifront.data.model.ApiType: com.aifront.data.model.ApiType[] $VALUES
com.aifront.data.model.MessageContent: java.lang.String role
com.aifront.data.model.ChatMessage: long conversationId
com.aifront.data.model.ApiKeyConfig: java.lang.String vendorId
com.aifront.data.model.ConversationType: com.aifront.data.model.ConversationType IMAGE
com.aifront.data.model.ChatRequest: boolean stream
com.aifront.data.model.Vendor: java.lang.String country
com.aifront.data.model.ImageGenerationRequest: int $stable
com.aifront.data.model.AIModel: com.aifront.data.model.ModelType modelType
com.aifront.data.model.StreamResponse: int $stable
com.aifront.data.model.VendorConfig: java.util.List vendors
com.aifront.data.model.ConversationType: com.aifront.data.model.ConversationType TEXT
com.aifront.data.model.Conversation: java.lang.String title
com.aifront.data.model.ModelType: com.aifront.data.model.ModelType MULTIMODAL
com.aifront.data.model.ChatMessage: java.lang.String modelName
com.aifront.data.model.ImageData: java.lang.String revisedPrompt
...
retrofit2.RequestFactory$Builder: java.lang.String httpMethod
com.google.gson.internal.bind.TypeAdapters$32: java.lang.Class val$boxed
retrofit2.RequestFactory$Builder: java.lang.annotation.Annotation[][] parameterAnnotationsArray
retrofit2.RequestFactory: java.lang.String httpMethod
com.google.gson.internal.bind.ReflectiveTypeAdapterFactory: com.google.gson.internal.Excluder excluder
com.google.gson.Gson: com.google.gson.FieldNamingStrategy DEFAULT_FIELD_NAMING_STRATEGY
retrofit2.RequestFactory: boolean isKotlinSuspendFunction
retrofit2.DefaultCallAdapterFactory$ExecutorCallbackCall: retrofit2.Call delegate
retrofit2.OptionalConverterFactory: retrofit2.Converter$Factory INSTANCE
retrofit2.RequestFactory: boolean isFormEncoded
retrofit2.ParameterHandler$FieldMap: java.lang.reflect.Method method
com.google.gson.internal.bind.TypeAdapters: com.google.gson.TypeAdapter SHORT
com.google.gson.internal.Excluder$1: com.google.gson.reflect.TypeToken val$type
retrofit2.CompletableFutureCallAdapterFactory$ResponseCallAdapter$ResponseCallback: retrofit2.CompletableFutureCallAdapterFactory$ResponseCallAdapter this$0
com.google.gson.internal.bind.TypeAdapters: com.google.gson.TypeAdapterFactory LOCALE_FACTORY
retrofit2.Retrofit$Builder: okhttp3.HttpUrl baseUrl
retrofit2.RequestBuilder: boolean hasBody
com.google.gson.internal.ConstructorConstructor$20: java.lang.String val$exceptionMessage
com.google.gson.internal.sql.SqlTimestampTypeAdapter: com.google.gson.TypeAdapter dateTypeAdapter
com.google.gson.internal.UnsafeAllocator: com.google.gson.internal.UnsafeAllocator INSTANCE
com.google.gson.Gson: boolean DEFAULT_ESCAPE_HTML
com.google.gson.Gson: boolean htmlSafe
retrofit2.Retrofit: boolean validateEagerly
com.google.gson.GsonBuilder: com.google.gson.LongSerializationPolicy longSerializationPolicy
com.google.gson.Gson: com.google.gson.ToNumberStrategy objectToNumberStrategy
retrofit2.OkHttpCall: okhttp3.Call$Factory callFactory
androidx.lifecycle.ProcessLifecycleOwner$attach$1: androidx.lifecycle.ProcessLifecycleOwner this$0
com.google.gson.internal.bind.JsonTreeWriter: java.io.Writer UNWRITABLE_WRITER
retrofit2.converter.gson.GsonRequestBodyConverter: java.nio.charset.Charset UTF_8
retrofit2.OkHttpCall$1: retrofit2.OkHttpCall this$0
androidx.versionedparcelable.ParcelImpl: android.os.Parcelable$Creator CREATOR
androidx.lifecycle.ProcessLifecycleOwner$attach$1$onActivityPreCreated$1: androidx.lifecycle.ProcessLifecycleOwner this$0
retrofit2.RequestFactory$Builder: boolean gotUrl
com.google.gson.internal.bind.TypeAdapters: com.google.gson.TypeAdapterFactory JSON_ELEMENT_FACTORY
retrofit2.RequestFactory: java.lang.String relativeUrl
retrofit2.ParameterHandler$PartMap: java.lang.String transferEncoding
com.google.gson.internal.LinkedTreeMap$EntrySet: com.google.gson.internal.LinkedTreeMap this$0
retrofit2.converter.gson.GsonResponseBodyConverter: com.google.gson.Gson gson
kotlinx.coroutines.JobSupport: java.lang.Object _state$volatile
com.google.gson.internal.bind.TypeAdapters$33: java.lang.Class val$base
com.google.gson.JsonSyntaxException: long serialVersionUID
com.google.gson.Gson: java.util.List builderHierarchyFactories
com.google.gson.internal.bind.TypeAdapters: com.google.gson.TypeAdapter CHARACTER
com.google.gson.Gson: java.lang.String DEFAULT_DATE_PATTERN
retrofit2.RequestFactory$Builder: boolean gotQuery
com.google.gson.internal.bind.ReflectiveTypeAdapterFactory$RecordAdapter: java.lang.reflect.Constructor constructor
retrofit2.KotlinExtensions$await$2$2: kotlinx.coroutines.CancellableContinuation $continuation
retrofit2.Utils$ParameterizedTypeImpl: java.lang.reflect.Type rawType
retrofit2.OkHttpCall$NoContentResponseBody: long contentLength
com.google.gson.FieldNamingPolicy: com.google.gson.FieldNamingPolicy IDENTITY
retrofit2.ParameterHandler$FieldMap: retrofit2.Converter valueConverter
com.google.gson.stream.JsonReader: java.lang.String peekedString
kotlinx.coroutines.sync.SemaphoreImpl: int _availablePermits$volatile