AiFront/app/build/outputs/mapping/release/usage.txt
com.aifront.AiFrontApplication:
    public final com.aifront.data.local.AppDatabase getDatabase()
com.aifront.MainActivity:
    public static final int $stable
com.aifront.R$color
com.aifront.R$drawable
com.aifront.R$mipmap
com.aifront.R$string
com.aifront.R$style
com.aifront.R$xml
com.aifront.R
com.aifront.data.api.ApiService$chatSync$2
com.aifront.data.api.ApiService:
    public static final synthetic java.lang.String access$buildChatRequestBody(com.aifront.data.api.ApiService,java.lang.String,java.util.List,float,float,int,boolean)
    public static final synthetic java.lang.String access$buildChatUrl(com.aifront.data.api.ApiService,java.lang.String,com.aifront.data.model.ApiType)
    public static synthetic kotlinx.coroutines.flow.Flow chatStream$default(com.aifront.data.api.ApiService,java.lang.String,java.lang.String,java.lang.String,java.util.List,float,float,int,com.aifront.data.model.ApiType,int,java.lang.Object)
    public final java.lang.Object chatSync(java.lang.String,java.lang.String,java.lang.String,java.util.List,float,float,int,com.aifront.data.model.ApiType,kotlin.coroutines.Continuation)
    public static synthetic java.lang.Object chatSync$default(com.aifront.data.api.ApiService,java.lang.String,java.lang.String,java.lang.String,java.util.List,float,float,int,com.aifront.data.model.ApiType,kotlin.coroutines.Continuation,int,java.lang.Object)
    public static synthetic java.lang.Object generateImage$default(com.aifront.data.api.ApiService,java.lang.String,java.lang.String,java.lang.String,java.lang.String,int,java.lang.String,kotlin.coroutines.Continuation,int,java.lang.Object)
com.aifront.data.local.AppDatabase:
    public static final int $stable
com.aifront.data.local.AppDatabase_Impl:
    public void clearAllTables()
com.aifront.data.local.dao.ChatMessageDao:
    public abstract java.lang.Object deleteMessage(com.aifront.data.model.ChatMessage,kotlin.coroutines.Continuation)
    public abstract java.lang.Object deleteMessagesByConversation(long,kotlin.coroutines.Continuation)
    public abstract java.lang.Object getLastMessage(long,kotlin.coroutines.Continuation)
    public abstract java.lang.Object getMessageCount(long,kotlin.coroutines.Continuation)
    public abstract kotlinx.coroutines.flow.Flow getMessagesByConversation(long)
    public abstract java.lang.Object insertMessages(java.util.List,kotlin.coroutines.Continuation)
    public abstract java.lang.Object updateMessage(com.aifront.data.model.ChatMessage,kotlin.coroutines.Continuation)
com.aifront.data.local.dao.ChatMessageDao_Impl$10
com.aifront.data.local.dao.ChatMessageDao_Impl$12
com.aifront.data.local.dao.ChatMessageDao_Impl$13
com.aifront.data.local.dao.ChatMessageDao_Impl$6
com.aifront.data.local.dao.ChatMessageDao_Impl$7
com.aifront.data.local.dao.ChatMessageDao_Impl$8
com.aifront.data.local.dao.ChatMessageDao_Impl$9
com.aifront.data.local.dao.ChatMessageDao_Impl:
    public java.lang.Object deleteMessage(com.aifront.data.model.ChatMessage,kotlin.coroutines.Continuation)
    public java.lang.Object deleteMessagesByConversation(long,kotlin.coroutines.Continuation)
    public java.lang.Object getLastMessage(long,kotlin.coroutines.Continuation)
    public java.lang.Object getMessageCount(long,kotlin.coroutines.Continuation)
    public kotlinx.coroutines.flow.Flow getMessagesByConversation(long)
    public java.lang.Object insertMessages(java.util.List,kotlin.coroutines.Continuation)
    public java.lang.Object updateMessage(com.aifront.data.model.ChatMessage,kotlin.coroutines.Continuation)
com.aifront.data.local.dao.ConversationDao:
    public abstract java.lang.Object deleteConversation(com.aifront.data.model.Conversation,kotlin.coroutines.Continuation)
    public abstract kotlinx.coroutines.flow.Flow getConversationsByType(java.lang.String)
    public abstract java.lang.Object updateConversationMeta(long,long,int,kotlin.coroutines.Continuation)
    public abstract java.lang.Object updateMessageCount(long,kotlin.coroutines.Continuation)
...
androidx.compose.material.icons.rounded.NorthKt
androidx.compose.material.icons.rounded.NorthWestKt
androidx.compose.material.icons.rounded.NotAccessibleKt
androidx.compose.material.icons.rounded.NotInterestedKt
androidx.compose.material.icons.rounded.NotListedLocationKt
androidx.compose.material.icons.rounded.NotStartedKt
androidx.compose.material.icons.rounded.NoteAddKt
androidx.compose.material.icons.rounded.NoteAltKt
androidx.compose.material.icons.rounded.NoteKt
androidx.compose.material.icons.rounded.NotesKt
androidx.compose.material.icons.rounded.NotificationAddKt
androidx.compose.material.icons.rounded.NotificationImportantKt
androidx.compose.material.icons.rounded.NotificationsActiveKt
androidx.compose.material.icons.rounded.NotificationsKt
androidx.compose.material.icons.rounded.NotificationsNoneKt
androidx.compose.material.icons.rounded.NotificationsOffKt
androidx.compose.material.icons.rounded.NotificationsPausedKt
androidx.compose.material.icons.rounded.NumbersKt
androidx.compose.material.icons.rounded.OfflineBoltKt
androidx.compose.material.icons.rounded.OfflinePinKt
androidx.compose.material.icons.rounded.OfflineShareKt
androidx.compose.material.icons.rounded.OilBarrelKt
androidx.compose.material.icons.rounded.OnDeviceTrainingKt
androidx.compose.material.icons.rounded.OndemandVideoKt
androidx.compose.material.icons.rounded.OnlinePredictionKt
androidx.compose.material.icons.rounded.OpacityKt
androidx.compose.material.icons.rounded.OpenInBrowserKt
androidx.compose.material.icons.rounded.OpenInFullKt
androidx.compose.material.icons.rounded.OpenInNewKt
androidx.compose.material.icons.rounded.OpenInNewOffKt
androidx.compose.material.icons.rounded.OpenWithKt
androidx.compose.material.icons.rounded.OtherHousesKt
androidx.compose.material.icons.rounded.OutbondKt
androidx.compose.material.icons.rounded.OutboundKt
androidx.compose.material.icons.rounded.OutboxKt
androidx.compose.material.icons.rounded.OutdoorGrillKt
androidx.compose.material.icons.rounded.OutletKt
androidx.compose.material.icons.rounded.OutlinedFlagKt
androidx.compose.material.icons.rounded.OutputKt
androidx.compose.material.icons.rounded.PaddingKt
androidx.compose.material.icons.rounded.PagesKt
androidx.compose.material.icons.rounded.PageviewKt
androidx.compose.material.icons.rounded.PaidKt
androidx.compose.material.icons.rounded.PaletteKt
androidx.compose.material.icons.rounded.PanToolAltKt
androidx.compose.material.icons.rounded.PanToolKt
androidx.compose.material.icons.rounded.PanoramaFishEyeKt
androidx.compose.material.icons.rounded.PanoramaHorizontalKt
androidx.compose.material.icons.rounded.PanoramaHorizontalSelectKt
androidx.compose.material.icons.rounded.PanoramaKt
androidx.compose.material.icons.rounded.PanoramaPhotosphereKt
androidx.compose.material.icons.rounded.PanoramaPhotosphereSelectKt
androidx.compose.material.icons.rounded.PanoramaVerticalKt
androidx.compose.material.icons.rounded.PanoramaVerticalSelectKt
androidx.compose.material.icons.rounded.PanoramaWideAngleKt
androidx.compose.material.icons.rounded.PanoramaWideAngleSelectKt
androidx.compose.material.icons.rounded.ParaglidingKt
androidx.compose.material.icons.rounded.ParkKt
androidx.compose.material.icons.rounded.PartyModeKt
androidx.compose.material.icons.rounded.PasswordKt
androidx.compose.material.icons.rounded.PatternKt
androidx.compose.material.icons.rounded.PauseCircleFilledKt
androidx.compose.material.icons.rounded.PauseCircleKt
androidx.compose.material.icons.rounded.PauseCircleOutlineKt
androidx.compose.material.icons.rounded.PauseKt
androidx.compose.material.icons.rounded.PausePresentationKt
androidx.compose.material.icons.rounded.PaymentKt
androidx.compose.material.icons.rounded.PaymentsKt
androidx.compose.material.icons.rounded.PedalBikeKt
androidx.compose.material.icons.rounded.PendingActionsKt
androidx.compose.material.icons.rounded.PendingKt
androidx.compose.material.icons.rounded.PentagonKt
androidx.compose.material.icons.rounded.PeopleAltKt